{"level":"info","message":"Database is connected Successfully","service":"user-service"}
{"level":"info","message":"Application app listening on port 5000","service":"user-service"}
2023-06-05T15:23:35.729Z [right meow!] info: Database is connected Successfully
2023-06-05T15:23:35.736Z [right meow!] info: Application app listening on port 5000
 [right meow!] info: Database is connected Successfully 2023-06-05T15:25:35.523Z
 [right meow!] info: Application app listening on port 5000 2023-06-05T15:25:35.529Z
2023-06-05T15:25:56.402Z [right meow!] info: Database is connected Successfully
2023-06-05T15:25:56.411Z [right meow!] info: Application app listening on port 5000
Mon Jun 05 2023 17:33:28} [right meow!] info: Database is connected Successfully
Mon Jun 05 2023 17:33:28} [right meow!] info: Application app listening on port 5000
{
  message: 'Database is connected Successfully',
  level: 'info',
  service: 'user-service',
  label: 'right meow!',
  timestamp: '2023-06-05T15:35:22.426Z'
}
{
  message: 'Application app listening on port 5000',
  level: 'info',
  service: 'user-service',
  label: 'right meow!',
  timestamp: '2023-06-05T15:35:22.436Z'
}
{
  message: 'Database is connected Successfully',
  level: 'info',
  service: 'user-service',
  label: 'right meow!',
  timestamp: '2023-06-05T15:55:56.348Z'
}
{
  message: 'Application app listening on port 5000',
  level: 'info',
  service: 'user-service',
  label: 'right meow!',
  timestamp: '2023-06-05T15:55:56.362Z'
}
